**************************
loading snap MWLMC5_100M_b0_vir_OM3_G41 
reading host particlesTruncating halo particles at 500 kpc 
Sampling halo particles with: 100000000 particles 
Host halo particle mass 1.3472504178935196e-06 
Computing Host BFE 
Done computing Host BFE**************************
loading snap MWLMC5_100M_b0_vir_OM3_G410 
reading host particlesTruncating halo particles at 500 kpc 
Sampling halo particles with: 100000000 particles 
Host halo particle mass 1.3468127235682914e-06 
Computing Host BFE 
Done computing Host BFE**************************
loading snap MWLMC5_100M_b0_vir_OM3_G411 
reading host particlesTruncating halo particles at 500 kpc 
Sampling halo particles with: 100000000 particles 
Host halo particle mass 1.34676838570158e-06 
Computing Host BFE 
Done computing Host BFE**************************
loading snap MWLMC5_100M_b0_vir_OM3_G412 
reading host particlesTruncating halo particles at 500 kpc 
Sampling halo particles with: 100000000 particles 
Host halo particle mass 1.3467005146594602e-06 
Computing Host BFE 
Done computing Host BFE**************************
loading snap MWLMC5_100M_b0_vir_OM3_G413 
reading host particlesTruncating halo particles at 500 kpc 
Sampling halo particles with: 100000000 particles 
Host halo particle mass 1.346655267298047e-06 
Computing Host BFE 
Done computing Host BFE**************************
loading snap MWLMC5_100M_b0_vir_OM3_G414 
reading host particlesTruncating halo particles at 500 kpc 
Sampling halo particles with: 100000000 particles 
Host halo particle mass 1.3465820529745542e-06 
Computing Host BFE 
Done computing Host BFE**************************
loading snap MWLMC5_100M_b0_vir_OM3_G415 
reading host particlesTruncating halo particles at 500 kpc 
Sampling halo particles with: 100000000 particles 
Host halo particle mass 1.3465345318763866e-06 
Computing Host BFE 
Done computing Host BFE**************************
loading snap MWLMC5_100M_b0_vir_OM3_G416 
reading host particlesTruncating halo particles at 500 kpc 
Sampling halo particles with: 100000000 particles 
Host halo particle mass 1.3464590438161395e-06 
Computing Host BFE 
Done computing Host BFE**************************
loading snap MWLMC5_100M_b0_vir_OM3_G417 
reading host particlesTruncating halo particles at 500 kpc 
Sampling halo particles with: 100000000 particles 
Host halo particle mass 1.3463823052006774e-06 
Computing Host BFE 
Done computing Host BFE**************************
loading snap MWLMC5_100M_b0_vir_OM3_G418 
reading host particlesTruncating halo particles at 500 kpc 
Sampling halo particles with: 100000000 particles 
Host halo particle mass 1.3463322829920799e-06 
Computing Host BFE 
Done computing Host BFE**************************
loading snap MWLMC5_100M_b0_vir_OM3_G419 
reading host particlesTruncating halo particles at 500 kpc 
Sampling halo particles with: 100000000 particles 
Host halo particle mass 1.3462556580634555e-06 
Computing Host BFE 
Done computing Host BFE**************************
loading snap MWLMC5_100M_b0_vir_OM3_G420 
reading host particlesTruncating halo particles at 500 kpc 
Sampling halo particles with: 100000000 particles 
Host halo particle mass 1.3462041579259676e-06 
Computing Host BFE 
Done computing Host BF***************************
loading snap MWLMC5_100M_b0_vir_OM3_G421 
reading host particlesTruncating halo particles at 500 kpc 
Sampling halo particles with: 100000000 particles 
Host halo particle mass 1.3461193475450273e-06 
Computing Host BFE 
Done computing Host B****************************
loading snap MWLMC5_100M_b0_vir_OM3_G422 
reading host particlesTruncating halo particles at 500 kpc 
Sampling halo particles with: 100000000 particles 
Host halo particle mass 1.3460617083183024e-06 
Computing Host BFE 
Done computing Host *****************************
loading snap MWLMC5_100M_b0_vir_OM3_G423 
reading host particlesTruncating halo particles at 500 kpc 
Sampling halo particles with: 100000000 particles 
Host halo particle mass 1.3459746242006076e-06 
Computing Host BFE 
Done computing Host**************************
loading snap MWLMC5_100M_b0_vir_OM3_G45 
reading host particlesTruncating halo particles at 500 kpc 
Sampling halo particles with: 100000000 particles 
Host halo particle mass 1.3470671547111124e-06 
Computing Host BFE 
Done computing Host BFE BFE**************************
loading snap MWLMC5_100M_b0_vir_OM3_G46 
reading host particlesTruncating halo particles at 500 kpc 
Sampling halo particles with: 100000000 particles 
Host halo particle mass 1.3470306612362037e-06 
Computing Host BFE 
Done computing Host BFEE**************************
loading snap MWLMC5_100M_b0_vir_OM3_G47 
reading host particlesTruncating halo particles at 500 kpc 
Sampling halo particles with: 100000000 particles 
Host halo particle mass 1.3469767736751237e-06 
Computing Host BFE 
Done computing Host BFEE**************************
loading snap MWLMC5_100M_b0_vir_OM3_G48 
reading host particlesTruncating halo particles at 500 kpc 
Sampling halo particles with: 100000000 particles 
Host halo particle mass 1.3469384612108115e-06 
Computing Host BFE 
Done computing Host BFEE**************************
loading snap MWLMC5_100M_b0_vir_OM3_G49 
reading host particlesTruncating halo particles at 500 kpc 
Sampling halo particles with: 100000000 particles 
Host halo particle mass 1.3468792303683585e-06 
Computing Host BFE 
Done computing Host BFEE**************************
loading snap MWLMC5_100M_b0_vir_OM3_G429 
reading host particlesTruncating halo particles at 500 kpc 
Sampling halo particles with: 100000000 particles 
Host halo particle mass 1.3455197631628835e-06 
Computing Host BFE 
Done computing Host BFE**************************
loading snap MWLMC5_100M_b0_vir_OM3_G430 
reading host particlesTruncating halo particles at 500 kpc 
Sampling halo particles with: 100000000 particles 
Host halo particle mass 1.3454204008667148e-06 
Computing Host BFE 
Done computing Host BFE**************************
loading snap MWLMC5_100M_b0_vir_OM3_G431 
reading host particlesTruncating halo particles at 500 kpc 
Sampling halo particles with: 100000000 particles 
Host halo particle mass 1.345353325632459e-06 
Computing Host BFE 
Done computing Host BFE**************************
loading snap MWLMC5_100M_b0_vir_OM3_G432 
reading host particlesTruncating halo particles at 500 kpc 
Sampling halo particles with: 100000000 particles 
Host halo particle mass 1.3452497569232946e-06 
Computing Host BFE 
Done computing Host BFE**************************
loading snap MWLMC5_100M_b0_vir_OM3_G433 
reading host particlesTruncating halo particles at 500 kpc 
Sampling halo particles with: 100000000 particles 
Host halo particle mass 1.3451735867420211e-06 
Computing Host BFE 
Done computing Host BFE**************************
loading snap MWLMC5_100M_b0_vir_OM3_G434 
reading host particlesTruncating halo particles at 500 kpc 
Sampling halo particles with: 100000000 particles 
Host halo particle mass 1.3450688811644795e-06 
Computing Host BFE 
Done computing Host BFE**************************
loading snap MWLMC5_100M_b0_vir_OM3_G435 
reading host particlesTruncating halo particles at 500 kpc 
Sampling halo particles with: 100000000 particles 
Host halo particle mass 1.3449647440211265e-06 
Computing Host BFE 
Done computing Host BFE**************************
loading snap MWLMC5_100M_b0_vir_OM3_G436 
reading host particlesTruncating halo particles at 500 kpc 
Sampling halo particles with: 100000000 particles 
Host halo particle mass 1.3448878917188267e-06 
Computing Host BFE 
Done computing Host BFE**************************
loading snap MWLMC5_100M_b0_vir_OM3_G437 
reading host particlesTruncating halo particles at 500 kpc 
Sampling halo particles with: 100000000 particles 
Host halo particle mass 1.3447764786178595e-06 
Computing Host BFE 
Done computing Host BFE**************************
loading snap MWLMC5_100M_b0_vir_OM3_G438 
reading host particlesTruncating halo particles at 500 kpc 
Sampling halo particles with: 100000000 particles 
Host halo particle mass 1.3447001947497483e-06 
Computing Host BFE 
Done computing Host BFE**************************
loading snap MWLMC5_100M_b0_vir_OM3_G439 
reading host particlesTruncating halo particles at 500 kpc 
Sampling halo particles with: 100000000 particles 
Host halo particle mass 1.344582301499031e-06 
Computing Host BFE 
Done computing Host BFE**************************
loading snap MWLMC5_100M_b0_vir_OM3_G440 
reading host particlesTruncating halo particles at 500 kpc 
Sampling halo particles with: 100000000 particles 
Host halo particle mass 1.3445023796521127e-06 
Computing Host BFE 
Done computing Host BFE**************************
loading snap MWLMC5_100M_b0_vir_OM3_G441 
reading host particlesTruncating halo particles at 500 kpc 
Sampling halo particles with: 100000000 particles 
Host halo particle mass 1.3443831221593427e-06 
Computing Host BFE 
Done computing Host BFE**************************
loading snap MWLMC5_100M_b0_vir_OM3_G442 
reading host particlesTruncating halo particles at 500 kpc 
Sampling halo particles with: 100000000 particles 
Host halo particle mass 1.3442607951219543e-06 
Computing Host BFE 
Done computing Host BFE**************************
loading snap MWLMC5_100M_b0_vir_OM3_G443 
reading host particlesTruncating halo particles at 500 kpc 
Sampling halo particles with: 100000000 particles 
Host halo particle mass 1.3441799637803342e-06 
Computing Host BFE 
Done computing Host BFE**************************
loading snap MWLMC5_100M_b0_vir_OM3_G444 
reading host particlesTruncating halo particles at 500 kpc 
Sampling halo particles with: 100000000 particles 
Host halo particle mass 1.3440588872981607e-06 
Computing Host BFE 
Done computing Host BFE**************************
loading snap MWLMC5_100M_b0_vir_OM3_G445 
reading host particlesTruncating halo particles at 500 kpc 
Sampling halo particles with: 100000000 particles 
Host halo particle mass 1.3439751000987599e-06 
Computing Host BFE 
Done computing Host BFE**************************
loading snap MWLMC5_100M_b0_vir_OM3_G446 
reading host particlesTruncating halo particles at 500 kpc 
Sampling halo particles with: 100000000 particles 
Host halo particle mass 1.343851295132481e-06 
Computing Host BFE 
Done computing Host BFE**************************
loading snap MWLMC5_100M_b0_vir_OM3_G450 
reading host particlesTruncating halo particles at 500 kpc 
Sampling halo particles with: 100000000 particles 
Host halo particle mass 1.3434428183245473e-06 
Computing Host BFE 
Done computing Host BF***************************
loading snap MWLMC5_100M_b0_vir_OM3_G451 
reading host particlesTruncating halo particles at 500 kpc 
Sampling halo particles with: 100000000 particles 
Host halo particle mass 1.3433191270451061e-06 
Computing Host BFE 
Done computing Host B****************************
loading snap MWLMC5_100M_b0_vir_OM3_G452 
reading host particlesTruncating halo particles at 500 kpc 
Sampling halo particles with: 100000000 particles 
Host halo particle mass 1.3432384093903238e-06 
Computing Host BFE 
Done computing Host *****************************
loading snap MWLMC5_100M_b0_vir_OM3_G453 
reading host particlesTruncating halo particles at 500 kpc 
Sampling halo particles with: 100000000 particles 
Host halo particle mass 1.3431234719973872e-06 
Computing Host BFE 
Done computing Host******************************
loading snap MWLMC5_100M_b0_vir_OM3_G454 
reading host particlesTruncating halo particles at 500 kpc 
Sampling halo particles with: 100000000 particles 
Host halo particle mass 1.343045596513548e-06 
Computing Host BFE 
Done computing Host******************************
loading snap MWLMC5_100M_b0_vir_OM3_G455 
reading host particlesTruncating halo particles at 500 kpc 
Sampling halo particles with: 100000000 particles 
Host halo particle mass 1.342930772807449e-06 
Computing Host BFE 
Done computing Host******************************
loading snap MWLMC5_100M_b0_vir_OM3_G456 
reading host particlesTruncating halo particles at 500 kpc 
Sampling halo particles with: 100000000 particles 
Host halo particle mass 1.3428550573735265e-06 
Computing Host BFE 
Done computing Hos*******************************
loading snap MWLMC5_100M_b0_vir_OM3_G457 
reading host particlesTruncating halo particles at 500 kpc 
Sampling halo particles with: 100000000 particles 
Host halo particle mass 1.3427464864435024e-06 
Computing Host BFE 
Done computing Ho********************************
loading snap MWLMC5_100M_b0_vir_OM3_G458 
reading host particlesTruncating halo particles at 500 kpc 
Sampling halo particles with: 100000000 particles 
Host halo particle mass 1.3426722489384701e-06 
Computing Host BFE 
Done computing H*********************************
loading snap MWLMC5_100M_b0_vir_OM3_G459 
reading host particlesTruncating halo particles at 500 kpc 
Sampling halo particles with: 100000000 particles 
Host halo particle mass 1.3425633369479328e-06 
Computing Host BFE 
Done computing **********************************
loading snap MWLMC5_100M_b0_vir_OM3_G460 
reading host particlesTruncating halo particles at 500 kpc 
Sampling halo particles with: 100000000 particles 
Host halo particle mass 1.3424585176835535e-06 
Computing Host BFE 
Done computing **********************************
loading snap MWLMC5_100M_b0_vir_OM3_G461 
reading host particlesTruncating halo particles at 500 kpc 
Sampling halo particles with: 100000000 particles 
Host halo particle mass 1.3423870086626266e-06 
Computing Host BFE 
Done computin************************************
loading snap MWLMC5_100M_b0_vir_OM3_G462 
reading host particlesTruncating halo particles at 500 kpc 
Sampling halo particles with: 100000000 particles 
Host halo particle mass 1.3422819620245718e-06 
Computing Host BFE 
Done computin************************************
loading snap MWLMC5_100M_b0_vir_OM3_G463 
reading host particlesTruncating halo particles at 500 kpc 
Sampling halo particles with: 100000000 particles 
Host halo particle mass 1.342215341537667e-06 
Computing Host BFE 
Done computin************************************
loading snap MWLMC5_100M_b0_vir_OM3_G464 
reading host particlesTruncating halo particles at 500 kpc 
Sampling halo particles with: 100000000 particles 
Host halo particle mass 1.3421202993413317e-06 
Computing Host BFE 
Done computin************************************
loading snap MWLMC5_100M_b0_vir_OM3_G465 
reading host particlesTruncating halo particles at 500 kpc 
Sampling halo particles with: 100000000 particles 
Host halo particle mass 1.3420567483990453e-06 
Computing Host BFE 
Done computin************************************
loading snap MWLMC5_100M_b0_vir_OM3_G466 
reading host particlesTruncating halo particles at 500 kpc 
Sampling halo particles with: 100000000 particles 
Host halo particle mass 1.3419610240816837e-06 
Computing Host BFE 
Done computin************************************
loading snap MWLMC5_100M_b0_vir_OM3_G467 
reading host particlesTruncating halo particles at 500 kpc 
Sampling halo particles with: 100000000 particles 
Host halo particle mass 1.341870643045695e-06 
Computing Host BFE 
Done computing***********************************
loading snap MWLMC5_100M_b0_vir_OM3_G468 
reading host particlesTruncating halo particles at 500 kpc 
Sampling halo particles with: 100000000 particles 
Host halo particle mass 1.3418076605375973e-06 
Computing Host BFE 
Done computing***********************************
loading snap MWLMC5_100M_b0_vir_OM3_G469 
reading host particlesTruncating halo particles at 500 kpc 
Sampling halo particles with: 100000000 particles 
Host halo particle mass 1.341720349046227e-06 
Computing Host BFE 
Done computing **********************************
loading snap MWLMC5_100M_b0_vir_OM3_G470 
reading host particlesTruncating halo particles at 500 kpc 
Sampling halo particles with: 100000000 particles 
Host halo particle mass 1.3416624824458268e-06 
Computing Host BFE 
Done computing **********************************
loading snap MWLMC5_100M_b0_vir_OM3_G471 
reading host particlesTruncating halo particles at 500 kpc 
Sampling halo particles with: 100000000 particles 
Host halo particle mass 1.3415760804491583e-06 
Computing Host BFE 
Done computing **********************************
loading snap MWLMC5_100M_b0_vir_OM3_G472 
reading host particlesTruncating halo particles at 500 kpc 
Sampling halo particles with: 100000000 particles 
Host halo particle mass 1.341522306574916e-06 
Computing Host BFE 
Done computing Host BFE